Connecting to database specified by database.yml
Connecting to database specified by database.yml
  [1m[36m (1.5ms)[0m  [1mSELECT "schema_migrations"."version" FROM "schema_migrations" [0m
  [1m[35m (0.2ms)[0m  select sqlite_version(*)
  [1m[36m (41.8ms)[0m  [1mCREATE TABLE "group_join_requests" ("id" INTEGER PRIMARY KEY AUTOINCREMENT NOT NULL, "group_user_id" integer, "user_id" integer, "group_id" integer, "status" integer, "open" boolean, "created_at" datetime NOT NULL, "updated_at" datetime NOT NULL) [0m
  [1m[35m (5.5ms)[0m  CREATE INDEX "index_group_join_requests_on_group_id" ON "group_join_requests" ("group_id")
  [1m[36m (5.3ms)[0m  [1mCREATE INDEX "index_group_join_requests_on_group_user_id" ON "group_join_requests" ("group_user_id")[0m
  [1m[35m (5.0ms)[0m  CREATE INDEX "index_group_join_requests_on_user_id" ON "group_join_requests" ("user_id")
  [1m[36m (5.6ms)[0m  [1mCREATE TABLE "group_join_responses" ("id" INTEGER PRIMARY KEY AUTOINCREMENT NOT NULL, "group_join_request_id" integer, "user_id" integer, "response" integer, "created_at" datetime NOT NULL, "updated_at" datetime NOT NULL) [0m
  [1m[35m (5.2ms)[0m  CREATE INDEX "index_group_join_responses_on_group_join_request_id" ON "group_join_responses" ("group_join_request_id")
  [1m[36m (4.0ms)[0m  [1mCREATE INDEX "index_group_join_responses_on_user_id" ON "group_join_responses" ("user_id")[0m
  [1m[35m (6.1ms)[0m  CREATE TABLE "group_users" ("id" INTEGER PRIMARY KEY AUTOINCREMENT NOT NULL, "user_id" integer, "group_id" integer, "created_at" datetime NOT NULL, "updated_at" datetime NOT NULL) 
  [1m[36m (5.1ms)[0m  [1mCREATE INDEX "index_group_users_on_group_id" ON "group_users" ("group_id")[0m
  [1m[35m (4.3ms)[0m  CREATE INDEX "index_group_users_on_user_id" ON "group_users" ("user_id")
  [1m[36m (5.1ms)[0m  [1mCREATE TABLE "groups" ("id" INTEGER PRIMARY KEY AUTOINCREMENT NOT NULL, "name" varchar(255), "created_at" datetime NOT NULL, "updated_at" datetime NOT NULL, "native_language_id" integer, "foreign_language_id" integer, "user_id" integer) [0m
  [1m[35m (5.0ms)[0m  CREATE TABLE "language_objects" ("id" INTEGER PRIMARY KEY AUTOINCREMENT NOT NULL, "language_id" integer, "user_id" integer, "text" varchar(255), "meaning" varchar(255), "created_at" datetime NOT NULL, "updated_at" datetime NOT NULL, "translatable_id" integer, "translatable_type" varchar(255), "lesson_id" integer) 
  [1m[36m (5.2ms)[0m  [1mCREATE INDEX "index_language_objects_on_language_id" ON "language_objects" ("language_id")[0m
  [1m[35m (5.2ms)[0m  CREATE INDEX "index_language_objects_on_user_id" ON "language_objects" ("user_id")
  [1m[36m (5.0ms)[0m  [1mCREATE TABLE "languages" ("id" INTEGER PRIMARY KEY AUTOINCREMENT NOT NULL, "name" varchar(255), "english_name" varchar(255), "created_at" datetime NOT NULL, "updated_at" datetime NOT NULL, "user_id" integer) [0m
  [1m[35m (20.1ms)[0m  CREATE TABLE "lessons" ("id" INTEGER PRIMARY KEY AUTOINCREMENT NOT NULL, "name" varchar(255), "summary" text, "created_at" datetime NOT NULL, "updated_at" datetime NOT NULL, "group_id" integer, "user_id" integer) 
  [1m[36m (23.1ms)[0m  [1mCREATE TABLE "person_genders" ("id" INTEGER PRIMARY KEY AUTOINCREMENT NOT NULL, "name" varchar(255), "short_name" varchar(255), "created_at" datetime NOT NULL, "updated_at" datetime NOT NULL) [0m
  [1m[35m (7.2ms)[0m  CREATE TABLE "translations" ("id" INTEGER PRIMARY KEY AUTOINCREMENT NOT NULL, "language_object_id" integer, "translation_id" integer, "created_at" datetime NOT NULL, "updated_at" datetime NOT NULL) 
  [1m[36m (5.5ms)[0m  [1mCREATE TABLE "users" ("id" INTEGER PRIMARY KEY AUTOINCREMENT NOT NULL, "provider" varchar(255), "uid" varchar(255), "name" varchar(255), "created_at" datetime NOT NULL, "updated_at" datetime NOT NULL, "email" varchar(255), "nickname" varchar(255), "first_name" varchar(255), "last_name" varchar(255), "description" varchar(255), "image" varchar(255), "phone" varchar(255), "token" varchar(255), "secret" varchar(255)) [0m
  [1m[35m (4.8ms)[0m  CREATE TABLE "word_genders" ("id" INTEGER PRIMARY KEY AUTOINCREMENT NOT NULL, "name" varchar(255), "short_name" varchar(255), "language_id" integer, "created_at" datetime NOT NULL, "updated_at" datetime NOT NULL, "user_id" integer) 
  [1m[36m (6.3ms)[0m  [1mCREATE TABLE "words" ("id" INTEGER PRIMARY KEY AUTOINCREMENT NOT NULL, "word_gender_id" integer, "created_at" datetime NOT NULL, "updated_at" datetime NOT NULL) [0m
  [1m[35m (5.5ms)[0m  CREATE INDEX "index_words_on_word_gender_id" ON "words" ("word_gender_id")
  [1m[36m (4.9ms)[0m  [1mCREATE TABLE "schema_migrations" ("version" varchar(255) NOT NULL) [0m
  [1m[35m (4.7ms)[0m  CREATE UNIQUE INDEX "unique_schema_migrations" ON "schema_migrations" ("version")
  [1m[36m (0.1ms)[0m  [1mSELECT version FROM "schema_migrations"[0m
  [1m[35m (5.3ms)[0m  INSERT INTO "schema_migrations" (version) VALUES ('20130322213940')
  [1m[36m (5.3ms)[0m  [1mINSERT INTO "schema_migrations" (version) VALUES ('20130322211137')[0m
  [1m[35m (3.6ms)[0m  INSERT INTO "schema_migrations" (version) VALUES ('20130313003043')
  [1m[36m (3.8ms)[0m  [1mINSERT INTO "schema_migrations" (version) VALUES ('20130315002605')[0m
  [1m[35m (3.7ms)[0m  INSERT INTO "schema_migrations" (version) VALUES ('20130316191103')
  [1m[36m (3.7ms)[0m  [1mINSERT INTO "schema_migrations" (version) VALUES ('20130321213958')[0m
  [1m[35m (3.8ms)[0m  INSERT INTO "schema_migrations" (version) VALUES ('20130227163427')
  [1m[36m (3.9ms)[0m  [1mINSERT INTO "schema_migrations" (version) VALUES ('20130308000145')[0m
  [1m[35m (4.7ms)[0m  INSERT INTO "schema_migrations" (version) VALUES ('20130316125022')
  [1m[36m (19.6ms)[0m  [1mINSERT INTO "schema_migrations" (version) VALUES ('20130315200137')[0m
  [1m[35m (4.2ms)[0m  INSERT INTO "schema_migrations" (version) VALUES ('20130223003912')
  [1m[36m (5.2ms)[0m  [1mINSERT INTO "schema_migrations" (version) VALUES ('20130309173011')[0m
  [1m[35m (4.8ms)[0m  INSERT INTO "schema_migrations" (version) VALUES ('20130315002344')
  [1m[36m (3.8ms)[0m  [1mINSERT INTO "schema_migrations" (version) VALUES ('20130223202347')[0m
  [1m[35m (3.8ms)[0m  INSERT INTO "schema_migrations" (version) VALUES ('20130316115517')
  [1m[36m (4.7ms)[0m  [1mINSERT INTO "schema_migrations" (version) VALUES ('20130321183454')[0m
  [1m[35m (3.8ms)[0m  INSERT INTO "schema_migrations" (version) VALUES ('20130315200651')
  [1m[36m (6.4ms)[0m  [1mINSERT INTO "schema_migrations" (version) VALUES ('20130321183326')[0m
  [1m[35m (5.6ms)[0m  INSERT INTO "schema_migrations" (version) VALUES ('20130315201743')
  [1m[36m (3.9ms)[0m  [1mINSERT INTO "schema_migrations" (version) VALUES ('20130322191338')[0m
  [1m[35m (3.9ms)[0m  INSERT INTO "schema_migrations" (version) VALUES ('20130313001720')
  [1m[36m (3.9ms)[0m  [1mINSERT INTO "schema_migrations" (version) VALUES ('20130218232836')[0m
Connecting to database specified by database.yml
  [1m[36m (1.5ms)[0m  [1mSELECT "schema_migrations"."version" FROM "schema_migrations" [0m
  [1m[35m (0.2ms)[0m  select sqlite_version(*)
  [1m[36m (21.7ms)[0m  [1mCREATE TABLE "group_join_requests" ("id" INTEGER PRIMARY KEY AUTOINCREMENT NOT NULL, "group_user_id" integer, "user_id" integer, "group_id" integer, "status" integer, "open" boolean, "created_at" datetime NOT NULL, "updated_at" datetime NOT NULL) [0m
  [1m[35m (5.9ms)[0m  CREATE INDEX "index_group_join_requests_on_group_id" ON "group_join_requests" ("group_id")
  [1m[36m (16.5ms)[0m  [1mCREATE INDEX "index_group_join_requests_on_group_user_id" ON "group_join_requests" ("group_user_id")[0m
  [1m[35m (5.3ms)[0m  CREATE INDEX "index_group_join_requests_on_user_id" ON "group_join_requests" ("user_id")
  [1m[36m (6.8ms)[0m  [1mCREATE TABLE "group_join_responses" ("id" INTEGER PRIMARY KEY AUTOINCREMENT NOT NULL, "group_join_request_id" integer, "user_id" integer, "response" integer, "created_at" datetime NOT NULL, "updated_at" datetime NOT NULL) [0m
  [1m[35m (4.8ms)[0m  CREATE INDEX "index_group_join_responses_on_group_join_request_id" ON "group_join_responses" ("group_join_request_id")
  [1m[36m (5.7ms)[0m  [1mCREATE INDEX "index_group_join_responses_on_user_id" ON "group_join_responses" ("user_id")[0m
  [1m[35m (4.6ms)[0m  CREATE TABLE "group_users" ("id" INTEGER PRIMARY KEY AUTOINCREMENT NOT NULL, "user_id" integer, "group_id" integer, "created_at" datetime NOT NULL, "updated_at" datetime NOT NULL) 
  [1m[36m (5.6ms)[0m  [1mCREATE INDEX "index_group_users_on_group_id" ON "group_users" ("group_id")[0m
  [1m[35m (6.6ms)[0m  CREATE INDEX "index_group_users_on_user_id" ON "group_users" ("user_id")
  [1m[36m (5.0ms)[0m  [1mCREATE TABLE "groups" ("id" INTEGER PRIMARY KEY AUTOINCREMENT NOT NULL, "name" varchar(255), "created_at" datetime NOT NULL, "updated_at" datetime NOT NULL, "native_language_id" integer, "foreign_language_id" integer, "user_id" integer) [0m
  [1m[35m (6.6ms)[0m  CREATE TABLE "language_objects" ("id" INTEGER PRIMARY KEY AUTOINCREMENT NOT NULL, "language_id" integer, "user_id" integer, "text" varchar(255), "meaning" varchar(255), "created_at" datetime NOT NULL, "updated_at" datetime NOT NULL, "translatable_id" integer, "translatable_type" varchar(255), "lesson_id" integer) 
  [1m[36m (4.5ms)[0m  [1mCREATE INDEX "index_language_objects_on_language_id" ON "language_objects" ("language_id")[0m
  [1m[35m (6.2ms)[0m  CREATE INDEX "index_language_objects_on_user_id" ON "language_objects" ("user_id")
  [1m[36m (4.7ms)[0m  [1mCREATE TABLE "languages" ("id" INTEGER PRIMARY KEY AUTOINCREMENT NOT NULL, "name" varchar(255), "english_name" varchar(255), "created_at" datetime NOT NULL, "updated_at" datetime NOT NULL, "user_id" integer) [0m
  [1m[35m (5.6ms)[0m  CREATE TABLE "lessons" ("id" INTEGER PRIMARY KEY AUTOINCREMENT NOT NULL, "name" varchar(255), "summary" text, "created_at" datetime NOT NULL, "updated_at" datetime NOT NULL, "group_id" integer, "user_id" integer) 
  [1m[36m (5.1ms)[0m  [1mCREATE TABLE "person_genders" ("id" INTEGER PRIMARY KEY AUTOINCREMENT NOT NULL, "name" varchar(255), "short_name" varchar(255), "created_at" datetime NOT NULL, "updated_at" datetime NOT NULL) [0m
  [1m[35m (6.7ms)[0m  CREATE TABLE "translations" ("id" INTEGER PRIMARY KEY AUTOINCREMENT NOT NULL, "language_object_id" integer, "translation_id" integer, "created_at" datetime NOT NULL, "updated_at" datetime NOT NULL) 
  [1m[36m (6.6ms)[0m  [1mCREATE TABLE "users" ("id" INTEGER PRIMARY KEY AUTOINCREMENT NOT NULL, "provider" varchar(255), "uid" varchar(255), "name" varchar(255), "created_at" datetime NOT NULL, "updated_at" datetime NOT NULL, "email" varchar(255), "nickname" varchar(255), "first_name" varchar(255), "last_name" varchar(255), "description" varchar(255), "image" varchar(255), "phone" varchar(255), "token" varchar(255), "secret" varchar(255)) [0m
  [1m[35m (8.8ms)[0m  CREATE TABLE "word_genders" ("id" INTEGER PRIMARY KEY AUTOINCREMENT NOT NULL, "name" varchar(255), "short_name" varchar(255), "language_id" integer, "created_at" datetime NOT NULL, "updated_at" datetime NOT NULL, "user_id" integer) 
  [1m[36m (6.6ms)[0m  [1mCREATE TABLE "words" ("id" INTEGER PRIMARY KEY AUTOINCREMENT NOT NULL, "word_gender_id" integer, "created_at" datetime NOT NULL, "updated_at" datetime NOT NULL) [0m
  [1m[35m (5.6ms)[0m  CREATE INDEX "index_words_on_word_gender_id" ON "words" ("word_gender_id")
  [1m[36m (4.1ms)[0m  [1mCREATE TABLE "schema_migrations" ("version" varchar(255) NOT NULL) [0m
  [1m[35m (4.9ms)[0m  CREATE UNIQUE INDEX "unique_schema_migrations" ON "schema_migrations" ("version")
  [1m[36m (0.1ms)[0m  [1mSELECT version FROM "schema_migrations"[0m
  [1m[35m (12.5ms)[0m  INSERT INTO "schema_migrations" (version) VALUES ('20130322213940')
  [1m[36m (5.7ms)[0m  [1mINSERT INTO "schema_migrations" (version) VALUES ('20130322211137')[0m
  [1m[35m (25.5ms)[0m  INSERT INTO "schema_migrations" (version) VALUES ('20130313003043')
  [1m[36m (5.4ms)[0m  [1mINSERT INTO "schema_migrations" (version) VALUES ('20130315002605')[0m
  [1m[35m (5.1ms)[0m  INSERT INTO "schema_migrations" (version) VALUES ('20130316191103')
  [1m[36m (5.5ms)[0m  [1mINSERT INTO "schema_migrations" (version) VALUES ('20130321213958')[0m
  [1m[35m (5.3ms)[0m  INSERT INTO "schema_migrations" (version) VALUES ('20130227163427')
  [1m[36m (4.1ms)[0m  [1mINSERT INTO "schema_migrations" (version) VALUES ('20130308000145')[0m
  [1m[35m (4.0ms)[0m  INSERT INTO "schema_migrations" (version) VALUES ('20130316125022')
  [1m[36m (4.1ms)[0m  [1mINSERT INTO "schema_migrations" (version) VALUES ('20130315200137')[0m
  [1m[35m (6.9ms)[0m  INSERT INTO "schema_migrations" (version) VALUES ('20130223003912')
  [1m[36m (4.2ms)[0m  [1mINSERT INTO "schema_migrations" (version) VALUES ('20130309173011')[0m
  [1m[35m (4.2ms)[0m  INSERT INTO "schema_migrations" (version) VALUES ('20130315002344')
  [1m[36m (3.8ms)[0m  [1mINSERT INTO "schema_migrations" (version) VALUES ('20130223202347')[0m
  [1m[35m (3.8ms)[0m  INSERT INTO "schema_migrations" (version) VALUES ('20130316115517')
  [1m[36m (3.9ms)[0m  [1mINSERT INTO "schema_migrations" (version) VALUES ('20130321183454')[0m
  [1m[35m (3.6ms)[0m  INSERT INTO "schema_migrations" (version) VALUES ('20130315200651')
  [1m[36m (4.2ms)[0m  [1mINSERT INTO "schema_migrations" (version) VALUES ('20130321183326')[0m
  [1m[35m (3.9ms)[0m  INSERT INTO "schema_migrations" (version) VALUES ('20130315201743')
  [1m[36m (3.8ms)[0m  [1mINSERT INTO "schema_migrations" (version) VALUES ('20130322191338')[0m
  [1m[35m (6.7ms)[0m  INSERT INTO "schema_migrations" (version) VALUES ('20130313001720')
  [1m[36m (4.1ms)[0m  [1mINSERT INTO "schema_migrations" (version) VALUES ('20130218232836')[0m
